This file contains any messages produced by compilers while
running configure, to aid debugging if configure makes a mistake.

It was created by ejabberd configure 18.12.1, which was
generated by GNU Autoconf 2.69.  Invocation command line was

  $ ./configure --prefix=/Users/nayanjain/ejabberd_make/ejabberd_ludo —enable-mysql

## --------- ##
## Platform. ##
## --------- ##

hostname = Nayans-MBP
uname -m = x86_64
uname -r = 19.6.0
uname -s = Darwin
uname -v = Darwin Kernel Version 19.6.0: Mon Aug 31 22:12:52 PDT 2020; root:xnu-6153.141.2~1/RELEASE_X86_64

/usr/bin/uname -p = i386
/bin/uname -X     = unknown

/bin/arch              = unknown
/usr/bin/arch -k       = unknown
/usr/convex/getsysinfo = unknown
/usr/bin/hostinfo      = Mach kernel version:
	 Darwin Kernel Version 19.6.0: Mon Aug 31 22:12:52 PDT 2020; root:xnu-6153.141.2~1/RELEASE_X86_64
Kernel configured for up to 8 processors.
4 processors are physically available.
8 processors are logically available.
Processor type: x86_64h (Intel x86-64h Haswell)
Processors active: 0 1 2 3 4 5 6 7
Primary memory available: 8.00 gigabytes
Default processor set: 392 tasks, 3141 threads, 8 processors
Load average: 2.88, Mach factor: 5.11
/bin/machine           = unknown
/usr/bin/oslevel       = unknown
/bin/universe          = unknown

PATH: /usr/local/opt/node@12/bin
PATH: /Users/nayanjain/.pyenv/bin
PATH: /Library/Frameworks/Python.framework/Versions/3.8/bin
PATH: /Users/nayanjain/js_builds/apache/apache-ant-1.10.8/bin
PATH: /Users/nayanjain/javascript/cocos/cocos_new/cocos2d-x-3.17.2/templates
PATH: /Users/nayanjain/javascript/cocos/cocos_new
PATH: /Users/nayanjain/javascript/cocos/cocos_new/cocos2d-x-3.17.2/tools/cocos2d-console/bin
PATH: /Users/nayanjain/Library/Android/sdk//emulator
PATH: /Users/nayanjain/Library/Android/sdk//tools
PATH: /usr/local/opt/openssl@1.1/bin
PATH: /usr/local/opt/openssl@1.1/bin
PATH: /usr/local/opt/node@12/bin
PATH: /Users/nayanjain/.pyenv/bin
PATH: /Library/Frameworks/Python.framework/Versions/3.8/bin
PATH: /Users/nayanjain/js_builds/apache/apache-ant-1.10.8/bin
PATH: /Users/nayanjain/javascript/cocos/cocos_new/cocos2d-x-3.17.2/templates
PATH: /Users/nayanjain/javascript/cocos/cocos_new
PATH: /Users/nayanjain/javascript/cocos/cocos_new/cocos2d-x-3.17.2/tools/cocos2d-console/bin
PATH: /Users/nayanjain/Library/Android/sdk//emulator
PATH: /Users/nayanjain/Library/Android/sdk//tools
PATH: /usr/local/opt/openssl@1.1/bin
PATH: /usr/local/opt/openssl@1.1/bin
PATH: /usr/local/opt/node@12/bin
PATH: /Users/nayanjain/.pyenv/bin
PATH: /Library/Frameworks/Python.framework/Versions/3.8/bin
PATH: /Users/nayanjain/js_builds/apache/apache-ant-1.10.8/bin
PATH: /Users/nayanjain/javascript/cocos/cocos_new/cocos2d-x-3.17.2/templates
PATH: /Users/nayanjain/javascript/cocos/cocos_new
PATH: /Users/nayanjain/javascript/cocos/cocos_new/cocos2d-x-3.17.2/tools/cocos2d-console/bin
PATH: /emulator
PATH: /tools
PATH: /usr/local/opt/openssl@1.1/bin
PATH: /usr/local/opt/openssl@1.1/bin
PATH: /usr/local/bin
PATH: /usr/bin
PATH: /bin
PATH: /usr/sbin
PATH: /sbin
PATH: /Library/Apple/usr/bin
PATH: /Users/nayanjain/js_builds/apache/apache-ant-1.10.8/bin
PATH: /Users/nayanjain/js_builds/apache/apache-ant-1.10.8/bin
PATH: /Users/nayanjain/js_builds/apache/apache-ant-1.10.8/bin


## ----------- ##
## Core tests. ##
## ----------- ##

configure:1906: checking whether make sets $(MAKE)
configure:1928: result: yes
configure:1980: checking for a BSD-compatible install
configure:2048: result: /usr/bin/install -c
configure:2059: checking for a sed that does not truncate output
configure:2123: result: /usr/bin/sed
configure:2149: checking for —enable-mysql-erl
configure:2182: result: no
configure:2192: checking for erl
configure:2210: found /usr/local/bin/erl
configure:2222: result: /usr/local/bin/erl
configure:2247: checking for —enable-mysql-erlc
configure:2280: result: no
configure:2290: checking for erlc
configure:2308: found /usr/local/bin/erlc
configure:2320: result: /usr/local/bin/erlc
configure:2345: checking for —enable-mysql-epmd
configure:2378: result: no
configure:2388: checking for epmd
configure:2406: found /usr/local/bin/epmd
configure:2418: result: /usr/local/bin/epmd
configure:2442: checking for erl
configure:2444: result: /usr/local/bin/erl
configure:2551: checking for erlc
configure:2553: result: /usr/local/bin/erlc
configure:2668: checking Erlang/OTP version
configure:2748: result: ok
configure:2843: checking for Erlang/OTP root directory
configure:2869: $ERLC $ERLCFLAGS -b beam conftest.$ac_ext >&5 && echo "#!/bin/sh" > conftest$ac_exeext && $as_echo "\"$ERL\" -run conftest start -run init stop -noshell" >> conftest$ac_exeext && chmod +x conftest$ac_exeext
configure:2869: $? = 0
configure:2869: ./conftest
configure:2869: $? = 0
configure:2890: result: /usr/local/Cellar/erlang/23.2/lib/erlang
configure:2900: checking for escript
configure:2918: found /usr/local/Cellar/erlang/23.2/lib/erlang/bin/escript
configure:2930: result: /usr/local/Cellar/erlang/23.2/lib/erlang/bin/escript
configure:2942: checking for make
configure:2958: found /usr/bin/make
configure:2969: result: make
configure:4411: creating ./config.status

## ---------------------- ##
## Running config.status. ##
## ---------------------- ##

This file was extended by ejabberd config.status 18.12.1, which was
generated by GNU Autoconf 2.69.  Invocation command line was

  CONFIG_FILES    = 
  CONFIG_HEADERS  = 
  CONFIG_LINKS    = 
  CONFIG_COMMANDS = 
  $ ./config.status 

on Nayans-MBP

config.status:761: creating Makefile
config.status:761: creating vars.config
config.status:761: creating src/ejabberd.app.src

## ---------------- ##
## Cache variables. ##
## ---------------- ##

ac_cv_env_CC_set=
ac_cv_env_CC_value=
ac_cv_env_CFLAGS_set=set
ac_cv_env_CFLAGS_value='-I/usr/local/opt/openssl/include/ -I/usr/local/include -I/usr/local/opt/expat/include'
ac_cv_env_CPPFLAGS_set=set
ac_cv_env_CPPFLAGS_value='-I/usr/local/opt/openssl/include/ -I/usr/local/include -I/usr/local/opt/expat/include'
ac_cv_env_ERLCFLAGS_set=
ac_cv_env_ERLCFLAGS_value=
ac_cv_env_ERLC_set=
ac_cv_env_ERLC_value=
ac_cv_env_ERL_set=
ac_cv_env_ERL_value=
ac_cv_env_LDFLAGS_set=set
ac_cv_env_LDFLAGS_value='-L/usr/local/opt/openssl/lib -L/usr/local/lib -L/usr/local/opt/expat/lib'
ac_cv_env_LIBS_set=
ac_cv_env_LIBS_value=
ac_cv_env_build_alias_set=set
ac_cv_env_build_alias_value=—enable-mysql
ac_cv_env_host_alias_set=set
ac_cv_env_host_alias_value=—enable-mysql
ac_cv_env_target_alias_set=set
ac_cv_env_target_alias_value=—enable-mysql
ac_cv_erlang_root_dir=/usr/local/Cellar/erlang/23.2/lib/erlang
ac_cv_path_ESCRIPT=/usr/local/Cellar/erlang/23.2/lib/erlang/bin/escript
ac_cv_path_SED=/usr/bin/sed
ac_cv_path_ac_pt_EPMD=/usr/local/bin/epmd
ac_cv_path_ac_pt_ERL=/usr/local/bin/erl
ac_cv_path_ac_pt_ERLC=/usr/local/bin/erlc
ac_cv_path_install='/usr/bin/install -c'
ac_cv_prog_MAKE=make
ac_cv_prog_make_make_set=yes

## ----------------- ##
## Output variables. ##
## ----------------- ##

CC=''
CFLAGS='-I/usr/local/opt/openssl/include/ -I/usr/local/include -I/usr/local/opt/expat/include'
CPPFLAGS='-I/usr/local/opt/openssl/include/ -I/usr/local/include -I/usr/local/opt/expat/include'
DEFS='-DPACKAGE_NAME=\"ejabberd\" -DPACKAGE_TARNAME=\"ejabberd\" -DPACKAGE_VERSION=\"18.12.1\" -DPACKAGE_STRING=\"ejabberd\ 18.12.1\" -DPACKAGE_BUGREPORT=\"ejabberd@process-one.net\" -DPACKAGE_URL=\"\"'
ECHO_C='\c'
ECHO_N=''
ECHO_T=''
EPMD='/usr/local/bin/epmd'
ERL='/usr/local/bin/erl'
ERLANG_ROOT_DIR='/usr/local/Cellar/erlang/23.2/lib/erlang'
ERLC='/usr/local/bin/erlc'
ERLCFLAGS=''
ESCRIPT='/usr/local/Cellar/erlang/23.2/lib/erlang/bin/escript'
EXEEXT=''
INSTALLGROUP=''
INSTALLUSER=''
INSTALL_DATA='${INSTALL} -m 644'
INSTALL_PROGRAM='${INSTALL}'
INSTALL_SCRIPT='${INSTALL}'
LDFLAGS='-L/usr/local/opt/openssl/lib -L/usr/local/lib -L/usr/local/opt/expat/lib'
LIBOBJS=''
LIBS=''
LTLIBOBJS=''
MAKE='make'
OBJEXT=''
PACKAGE_BUGREPORT='ejabberd@process-one.net'
PACKAGE_NAME='ejabberd'
PACKAGE_STRING='ejabberd 18.12.1'
PACKAGE_TARNAME='ejabberd'
PACKAGE_URL=''
PACKAGE_VERSION='18.12.1'
PATH_SEPARATOR=':'
SED='/usr/bin/sed'
SET_MAKE=''
SHELL='/bin/sh'
SQLITE3_CFLAGS=''
SQLITE3_LDFLAGS=''
SQLITE3_VERSION=''
ac_ct_CC=''
bindir='${exec_prefix}/bin'
build_alias='—enable-mysql'
datadir='${datarootdir}'
datarootdir='${prefix}/share'
db_type='generic'
debug='true'
docdir='${datarootdir}/doc/${PACKAGE_TARNAME}'
dvidir='${docdir}'
elixir='false'
enabled_backends=''
exec_prefix='${prefix}'
full_xml='false'
hipe='false'
host_alias='—enable-mysql'
htmldir='${docdir}'
iconv='false'
includedir='${prefix}/include'
infodir='${datarootdir}/info'
latest_deps='false'
libdir='${exec_prefix}/lib'
libexecdir='${exec_prefix}/libexec'
localedir='${datarootdir}/locale'
localstatedir='${prefix}/var'
mandir='${datarootdir}/man'
mysql='false'
new_sql_schema='false'
odbc='false'
oldincludedir='/usr/include'
pam='false'
pdfdir='${docdir}'
pgsql='false'
prefix='/Users/nayanjain/ejabberd_make/ejabberd_ludo'
program_transform_name='s,x,x,'
psdir='${docdir}'
redis='false'
riak='false'
roster_gateway_workaround='false'
sbindir='${exec_prefix}/sbin'
sharedstatedir='${prefix}/com'
sip='false'
sqlite='false'
stun='false'
sysconfdir='${prefix}/etc'
system_deps='false'
target_alias='—enable-mysql'
tools='false'
zlib='true'

## ----------- ##
## confdefs.h. ##
## ----------- ##

/* confdefs.h */
#define PACKAGE_NAME "ejabberd"
#define PACKAGE_TARNAME "ejabberd"
#define PACKAGE_VERSION "18.12.1"
#define PACKAGE_STRING "ejabberd 18.12.1"
#define PACKAGE_BUGREPORT "ejabberd@process-one.net"
#define PACKAGE_URL ""

configure: exit 0
